SF:lib/presentation/pages/login/login_page.dart
DA:7,1
DA:9,1
DA:11,1
DA:12,1
DA:15,1
DA:16,1
DA:18,1
DA:19,1
DA:20,0
DA:21,0
LF:10
LH:8
end_of_record
SF:lib/domain/repositories/user_repository.dart
DA:11,1
DA:16,1
DA:17,2
DA:18,3
LF:4
LH:4
end_of_record
SF:lib/presentation/pages/home/bloc/home_state.dart
DA:6,1
DA:14,0
DA:18,0
DA:19,0
DA:20,0
DA:24,0
DA:25,0
DA:26,0
DA:27,0
LF:9
LH:1
end_of_record
SF:lib/presentation/pages/home/bloc/home_bloc.dart
DA:9,1
DA:11,1
DA:12,2
DA:17,0
DA:21,0
DA:23,0
DA:24,0
DA:26,0
LF:8
LH:3
end_of_record
SF:lib/presentation/pages/home/bloc/home_event.dart
DA:4,1
DA:6,0
DA:7,0
DA:11,1
LF:4
LH:2
end_of_record
SF:lib/presentation/pages/home/home_page.dart
DA:7,1
DA:9,1
DA:11,1
DA:12,1
DA:15,1
DA:16,1
DA:17,2
DA:23,1
DA:24,1
DA:26,1
DA:27,1
DA:28,0
DA:29,0
DA:38,1
DA:39,0
DA:40,0
LF:16
LH:12
end_of_record
SF:lib/domain/entities/user.dart
DA:8,1
LF:1
LH:1
end_of_record
SF:lib/domain/mappers/user_mapper.auto_mappr.dart
DA:20,1
DA:22,1
DA:24,0
DA:28,1
DA:30,1
DA:31,1
DA:32,2
DA:33,0
DA:34,2
DA:35,0
DA:39,0
DA:40,0
DA:50,0
DA:52,0
DA:53,0
DA:55,0
DA:56,0
DA:57,0
DA:61,0
DA:66,0
DA:72,0
DA:73,0
DA:78,0
DA:79,0
DA:80,0
DA:92,1
DA:94,1
DA:95,3
DA:97,0
DA:98,0
DA:99,0
DA:103,0
DA:111,0
DA:117,0
DA:118,0
DA:119,0
DA:121,0
DA:122,0
DA:123,0
DA:130,0
DA:135,1
DA:137,1
DA:138,2
DA:140,0
DA:141,0
DA:142,0
DA:146,0
DA:154,0
DA:160,0
DA:161,0
DA:164,0
DA:166,0
DA:167,0
DA:168,0
DA:175,0
DA:180,0
DA:182,0
DA:183,0
DA:185,0
DA:186,0
DA:187,0
DA:191,0
DA:199,0
DA:205,0
DA:206,0
DA:209,0
DA:211,0
DA:212,0
DA:213,0
DA:220,0
DA:223,1
DA:227,1
DA:228,1
DA:229,2
DA:230,0
DA:231,2
DA:232,0
DA:236,1
DA:239,0
DA:242,0
DA:247,0
DA:248,0
DA:254,0
DA:259,0
DA:266,0
DA:271,1
DA:274,0
DA:278,1
DA:279,1
DA:280,1
DA:281,1
DA:282,1
DA:283,1
LF:93
LH:26
end_of_record
SF:lib/data/models/users_api_response.dart
DA:18,2
DA:26,4
DA:28,0
DA:44,2
DA:52,4
DA:54,0
LF:6
LH:4
end_of_record
SF:lib/data/models/users_api_response.g.dart
DA:9,2
DA:10,2
DA:11,4
DA:12,4
DA:13,4
DA:14,4
DA:15,2
DA:16,6
DA:17,2
DA:20,0
DA:21,0
DA:22,0
DA:23,0
DA:24,0
DA:25,0
DA:26,0
DA:29,4
DA:30,4
DA:31,2
DA:32,2
DA:33,2
DA:34,2
DA:37,0
DA:38,0
DA:39,0
DA:40,0
DA:41,0
DA:42,0
DA:43,0
LF:29
LH:15
end_of_record
SF:lib/core/services/api_service_impl.dart
DA:9,2
DA:11,2
DA:14,4
DA:15,2
DA:21,0
DA:24,0
DA:25,0
DA:31,0
DA:34,0
DA:35,0
DA:41,0
DA:44,0
DA:45,0
LF:13
LH:4
end_of_record
SF:lib/core/services/endpoints.dart
DA:4,0
LF:1
LH:0
end_of_record
SF:lib/data/services/api/users_api_impl.dart
DA:11,2
DA:13,2
DA:16,4
DA:17,2
DA:23,0
DA:26,0
DA:29,0
DA:32,0
DA:35,0
DA:38,0
DA:41,0
DA:44,0
LF:12
LH:4
end_of_record
